node:internal/modules/cjs/loader:1143
  throw err;
  ^

Error: Cannot find module '/home/backend/dev/3D-Redstone-Simulator/index.js'
    at Module._resolveFilename (node:internal/modules/cjs/loader:1140:15)
    at Module._load (node:internal/modules/cjs/loader:981:27)
    at Function.executeUserEntryPoint [as runMain] (node:internal/modules/run_main:128:12)
    at node:internal/main/run_main_module:28:49 {
  code: 'MODULE_NOT_FOUND',
  requireStack: []
}

Node.js v18.20.0
Starting backend server script...
Could not find loadEnvFile function. Skipping loading env file.
No server address provided. Please provide a URL using the --url argument or the URL env variable.
Starting backend server script...
Could not find loadEnvFile function. Skipping loading env file.
Process 47627 will listen to: http://localhost:8999 ...
Started listening successfully on localhost:8999
Upgrade request handled
Creating a new cookie id for user [ '045142944130' ]
Adding event {
  type: 'set',
  x: 2,
  y: 3,
  z: 1,
  block: undefined,
  id: 2,
  time: 1746033308457
} to b0/0x0
Consolidating 0
Close frame received, closing connection
Socket ended for service
Socket ended for service
Received close packet
